<?xml version="1.0" encoding="UTF-8"?>
<!-- Generated by org.testng.reporters.JUnitReportReporter -->
<testsuite hostname="DESKTOP-DUK05S7" failures="0" tests="1" name="com.gcr.scripts.TC2" time="5.295" errors="0" timestamp="2022-12-05T09:02:39 CST" skipped="0">
  <testcase classname="com.gcr.scripts.TC2" name="Login_LogoutTestCaseExcel" time="5.295"/>
  <system-out/>
</testsuite> <!-- com.gcr.scripts.TC2 -->
